OpenSSH_for_Windows_9.5p1, LibreSSL 3.8.2
debug3: Failed to open file:C:/Users/LUIS DAS ARTIMANHAS/.ssh/config error:2
debug3: Failed to open file:C:/ProgramData/ssh/ssh_config error:2
debug2: resolve_canonicalize: hostname 192.168.6.100 is address
debug3: expanded UserKnownHostsFile '~/.ssh/known_hosts' -> 'C:\\Users\\LUIS DAS ARTIMANHAS/.ssh/known_hosts'
debug3: expanded UserKnownHostsFile '~/.ssh/known_hosts2' -> 'C:\\Users\\LUIS DAS ARTIMANHAS/.ssh/known_hosts2'
debug3: ssh_connect_direct: entering
debug1: Connecting to 192.168.6.100 [192.168.6.100] port 22.
debug1: Connection established.
debug1: identity file C:\\Users\\LUIS DAS ARTIMANHAS/.ssh/id_rsa type 0
debug3: Failed to open file:C:/Users/LUIS DAS ARTIMANHAS/.ssh/id_rsa-cert error:2
debug3: Failed to open file:C:/Users/LUIS DAS ARTIMANHAS/.ssh/id_rsa-cert.pub error:2
debug3: failed to open file:C:/Users/LUIS DAS ARTIMANHAS/.ssh/id_rsa-cert error:2
debug1: identity file C:\\Users\\LUIS DAS ARTIMANHAS/.ssh/id_rsa-cert type -1
debug3: Failed to open file:C:/Users/LUIS DAS ARTIMANHAS/.ssh/id_ecdsa error:2
debug3: Failed to open file:C:/Users/LUIS DAS ARTIMANHAS/.ssh/id_ecdsa.pub error:2
debug3: failed to open file:C:/Users/LUIS DAS ARTIMANHAS/.ssh/id_ecdsa error:2
debug1: identity file C:\\Users\\LUIS DAS ARTIMANHAS/.ssh/id_ecdsa type -1
debug3: Failed to open file:C:/Users/LUIS DAS ARTIMANHAS/.ssh/id_ecdsa-cert error:2
debug3: Failed to open file:C:/Users/LUIS DAS ARTIMANHAS/.ssh/id_ecdsa-cert.pub error:2
debug3: failed to open file:C:/Users/LUIS DAS ARTIMANHAS/.ssh/id_ecdsa-cert error:2
debug1: identity file C:\\Users\\LUIS DAS ARTIMANHAS/.ssh/id_ecdsa-cert type -1
debug3: Failed to open file:C:/Users/LUIS DAS ARTIMANHAS/.ssh/id_ecdsa_sk error:2
debug3: Failed to open file:C:/Users/LUIS DAS ARTIMANHAS/.ssh/id_ecdsa_sk.pub error:2
debug3: failed to open file:C:/Users/LUIS DAS ARTIMANHAS/.ssh/id_ecdsa_sk error:2
debug1: identity file C:\\Users\\LUIS DAS ARTIMANHAS/.ssh/id_ecdsa_sk type -1
debug3: Failed to open file:C:/Users/LUIS DAS ARTIMANHAS/.ssh/id_ecdsa_sk-cert error:2
debug3: Failed to open file:C:/Users/LUIS DAS ARTIMANHAS/.ssh/id_ecdsa_sk-cert.pub error:2
debug3: failed to open file:C:/Users/LUIS DAS ARTIMANHAS/.ssh/id_ecdsa_sk-cert error:2
debug1: identity file C:\\Users\\LUIS DAS ARTIMANHAS/.ssh/id_ecdsa_sk-cert type -1
debug1: identity file C:\\Users\\LUIS DAS ARTIMANHAS/.ssh/id_ed25519 type 3
debug3: Failed to open file:C:/Users/LUIS DAS ARTIMANHAS/.ssh/id_ed25519-cert error:2
debug3: Failed to open file:C:/Users/LUIS DAS ARTIMANHAS/.ssh/id_ed25519-cert.pub error:2
debug3: failed to open file:C:/Users/LUIS DAS ARTIMANHAS/.ssh/id_ed25519-cert error:2
debug1: identity file C:\\Users\\LUIS DAS ARTIMANHAS/.ssh/id_ed25519-cert type -1
debug3: Failed to open file:C:/Users/LUIS DAS ARTIMANHAS/.ssh/id_ed25519_sk error:2
debug3: Failed to open file:C:/Users/LUIS DAS ARTIMANHAS/.ssh/id_ed25519_sk.pub error:2
debug3: failed to open file:C:/Users/LUIS DAS ARTIMANHAS/.ssh/id_ed25519_sk error:2
debug1: identity file C:\\Users\\LUIS DAS ARTIMANHAS/.ssh/id_ed25519_sk type -1
debug3: Failed to open file:C:/Users/LUIS DAS ARTIMANHAS/.ssh/id_ed25519_sk-cert error:2
debug3: Failed to open file:C:/Users/LUIS DAS ARTIMANHAS/.ssh/id_ed25519_sk-cert.pub error:2
debug3: failed to open file:C:/Users/LUIS DAS ARTIMANHAS/.ssh/id_ed25519_sk-cert error:2
debug1: identity file C:\\Users\\LUIS DAS ARTIMANHAS/.ssh/id_ed25519_sk-cert type -1
debug3: Failed to open file:C:/Users/LUIS DAS ARTIMANHAS/.ssh/id_xmss error:2
debug3: Failed to open file:C:/Users/LUIS DAS ARTIMANHAS/.ssh/id_xmss.pub error:2
debug3: failed to open file:C:/Users/LUIS DAS ARTIMANHAS/.ssh/id_xmss error:2
debug1: identity file C:\\Users\\LUIS DAS ARTIMANHAS/.ssh/id_xmss type -1
debug3: Failed to open file:C:/Users/LUIS DAS ARTIMANHAS/.ssh/id_xmss-cert error:2
debug3: Failed to open file:C:/Users/LUIS DAS ARTIMANHAS/.ssh/id_xmss-cert.pub error:2
debug3: failed to open file:C:/Users/LUIS DAS ARTIMANHAS/.ssh/id_xmss-cert error:2
debug1: identity file C:\\Users\\LUIS DAS ARTIMANHAS/.ssh/id_xmss-cert type -1
debug3: Failed to open file:C:/Users/LUIS DAS ARTIMANHAS/.ssh/id_dsa error:2
debug3: Failed to open file:C:/Users/LUIS DAS ARTIMANHAS/.ssh/id_dsa.pub error:2
debug3: failed to open file:C:/Users/LUIS DAS ARTIMANHAS/.ssh/id_dsa error:2
debug1: identity file C:\\Users\\LUIS DAS ARTIMANHAS/.ssh/id_dsa type -1
debug3: Failed to open file:C:/Users/LUIS DAS ARTIMANHAS/.ssh/id_dsa-cert error:2
debug3: Failed to open file:C:/Users/LUIS DAS ARTIMANHAS/.ssh/id_dsa-cert.pub error:2
debug3: failed to open file:C:/Users/LUIS DAS ARTIMANHAS/.ssh/id_dsa-cert error:2
debug1: identity file C:\\Users\\LUIS DAS ARTIMANHAS/.ssh/id_dsa-cert type -1
debug1: Local version string SSH-2.0-OpenSSH_for_Windows_9.5
debug1: Remote protocol version 2.0, remote software version OpenSSH_for_Windows_9.5
debug1: compat_banner: match: OpenSSH_for_Windows_9.5 pat OpenSSH* compat 0x04000000
debug2: fd 4 setting O_NONBLOCK
debug1: Authenticating to 192.168.6.100:22 as 'LDA PENTIUM'
debug3: record_hostkey: found key type ED25519 in file C:\\Users\\LUIS DAS ARTIMANHAS/.ssh/known_hosts:4
debug3: record_hostkey: found key type RSA in file C:\\Users\\LUIS DAS ARTIMANHAS/.ssh/known_hosts:5
debug3: record_hostkey: found key type ECDSA in file C:\\Users\\LUIS DAS ARTIMANHAS/.ssh/known_hosts:6
debug3: load_hostkeys_file: loaded 3 keys from 192.168.6.100
debug3: Failed to open file:C:/Users/LUIS DAS ARTIMANHAS/.ssh/known_hosts2 error:2
debug1: load_hostkeys: fopen C:\\Users\\LUIS DAS ARTIMANHAS/.ssh/known_hosts2: No such file or directory
debug3: Failed to open file:C:/ProgramData/ssh/ssh_known_hosts error:2
debug1: load_hostkeys: fopen __PROGRAMDATA__\\ssh/ssh_known_hosts: No such file or directory
debug3: Failed to open file:C:/ProgramData/ssh/ssh_known_hosts2 error:2
debug1: load_hostkeys: fopen __PROGRAMDATA__\\ssh/ssh_known_hosts2: No such file or directory
debug3: order_hostkeyalgs: have matching best-preference key type ssh-ed25519-cert-v01@openssh.com, using HostkeyAlgorithms verbatim
debug3: send packet: type 20
debug1: SSH2_MSG_KEXINIT sent
debug3: receive packet: type 20
debug1: SSH2_MSG_KEXINIT received
debug2: local client KEXINIT proposal
debug2: KEX algorithms: curve25519-sha256,curve25519-sha256@libssh.org,ecdh-sha2-nistp256,ecdh-sha2-nistp384,ecdh-sha2-nistp521,diffie-hellman-group-exchange-sha256,diffie-hellman-group16-sha512,diffie-hellman-group18-sha512,diffie-hellman-group14-sha256,ext-info-c,kex-strict-c-v00@openssh.com
debug2: host key algorithms: ssh-ed25519-cert-v01@openssh.com,ecdsa-sha2-nistp256-cert-v01@openssh.com,ecdsa-sha2-nistp384-cert-v01@openssh.com,ecdsa-sha2-nistp521-cert-v01@openssh.com,sk-ssh-ed25519-cert-v01@openssh.com,sk-ecdsa-sha2-nistp256-cert-v01@openssh.com,rsa-sha2-512-cert-v01@openssh.com,rsa-sha2-256-cert-v01@openssh.com,ssh-ed25519,ecdsa-sha2-nistp256,ecdsa-sha2-nistp384,ecdsa-sha2-nistp521,sk-ssh-ed25519@openssh.com,sk-ecdsa-sha2-nistp256@openssh.com,rsa-sha2-512,rsa-sha2-256
debug2: ciphers ctos: chacha20-poly1305@openssh.com,aes128-ctr,aes192-ctr,aes256-ctr,aes128-gcm@openssh.com,aes256-gcm@openssh.com
debug2: ciphers stoc: chacha20-poly1305@openssh.com,aes128-ctr,aes192-ctr,aes256-ctr,aes128-gcm@openssh.com,aes256-gcm@openssh.com
debug2: MACs ctos: umac-64-etm@openssh.com,umac-128-etm@openssh.com,hmac-sha2-256-etm@openssh.com,hmac-sha2-512-etm@openssh.com,umac-64@openssh.com,umac-128@openssh.com,hmac-sha2-256,hmac-sha2-512
debug2: MACs stoc: umac-64-etm@openssh.com,umac-128-etm@openssh.com,hmac-sha2-256-etm@openssh.com,hmac-sha2-512-etm@openssh.com,umac-64@openssh.com,umac-128@openssh.com,hmac-sha2-256,hmac-sha2-512
debug2: compression ctos: none,zlib@openssh.com,zlib
debug2: compression stoc: none,zlib@openssh.com,zlib
debug2: languages ctos: 
debug2: languages stoc: 
debug2: first_kex_follows 0 
debug2: reserved 0 
debug2: peer server KEXINIT proposal
debug2: KEX algorithms: curve25519-sha256,curve25519-sha256@libssh.org,ecdh-sha2-nistp256,ecdh-sha2-nistp384,ecdh-sha2-nistp521,diffie-hellman-group-exchange-sha256,diffie-hellman-group16-sha512,diffie-hellman-group18-sha512,diffie-hellman-group14-sha256,kex-strict-s-v00@openssh.com
debug2: host key algorithms: rsa-sha2-512,rsa-sha2-256,ecdsa-sha2-nistp256,ssh-ed25519
debug2: ciphers ctos: chacha20-poly1305@openssh.com,aes128-ctr,aes192-ctr,aes256-ctr,aes128-gcm@openssh.com,aes256-gcm@openssh.com
debug2: ciphers stoc: chacha20-poly1305@openssh.com,aes128-ctr,aes192-ctr,aes256-ctr,aes128-gcm@openssh.com,aes256-gcm@openssh.com
debug2: MACs ctos: umac-64-etm@openssh.com,umac-128-etm@openssh.com,hmac-sha2-256-etm@openssh.com,hmac-sha2-512-etm@openssh.com,umac-64@openssh.com,umac-128@openssh.com,hmac-sha2-256,hmac-sha2-512
debug2: MACs stoc: umac-64-etm@openssh.com,umac-128-etm@openssh.com,hmac-sha2-256-etm@openssh.com,hmac-sha2-512-etm@openssh.com,umac-64@openssh.com,umac-128@openssh.com,hmac-sha2-256,hmac-sha2-512
debug2: compression ctos: none,zlib@openssh.com
debug2: compression stoc: none,zlib@openssh.com
debug2: languages ctos: 
debug2: languages stoc: 
debug2: first_kex_follows 0 
debug2: reserved 0 
debug3: kex_choose_conf: will use strict KEX ordering
debug1: kex: algorithm: curve25519-sha256
debug1: kex: host key algorithm: ssh-ed25519
debug1: kex: server->client cipher: chacha20-poly1305@openssh.com MAC: <implicit> compression: none
debug1: kex: client->server cipher: chacha20-poly1305@openssh.com MAC: <implicit> compression: none
debug3: send packet: type 30
debug1: expecting SSH2_MSG_KEX_ECDH_REPLY
debug3: receive packet: type 31
debug1: SSH2_MSG_KEX_ECDH_REPLY received
debug1: Server host key: ssh-ed25519 SHA256:x9JvT3ixMniz7cPLyRF8CFAXaJrWaMimh19Ge9bpF0A
debug3: record_hostkey: found key type ED25519 in file C:\\Users\\LUIS DAS ARTIMANHAS/.ssh/known_hosts:4
debug3: record_hostkey: found key type RSA in file C:\\Users\\LUIS DAS ARTIMANHAS/.ssh/known_hosts:5
debug3: record_hostkey: found key type ECDSA in file C:\\Users\\LUIS DAS ARTIMANHAS/.ssh/known_hosts:6
debug3: load_hostkeys_file: loaded 3 keys from 192.168.6.100
debug3: Failed to open file:C:/Users/LUIS DAS ARTIMANHAS/.ssh/known_hosts2 error:2
debug1: load_hostkeys: fopen C:\\Users\\LUIS DAS ARTIMANHAS/.ssh/known_hosts2: No such file or directory
debug3: Failed to open file:C:/ProgramData/ssh/ssh_known_hosts error:2
debug1: load_hostkeys: fopen __PROGRAMDATA__\\ssh/ssh_known_hosts: No such file or directory
debug3: Failed to open file:C:/ProgramData/ssh/ssh_known_hosts2 error:2
debug1: load_hostkeys: fopen __PROGRAMDATA__\\ssh/ssh_known_hosts2: No such file or directory
debug1: Host '192.168.6.100' is known and matches the ED25519 host key.
debug1: Found key in C:\\Users\\LUIS DAS ARTIMANHAS/.ssh/known_hosts:4
debug3: send packet: type 21
debug1: ssh_packet_send2_wrapped: resetting send seqnr 3
debug2: ssh_set_newkeys: mode 1
debug1: rekey out after 134217728 blocks
debug1: SSH2_MSG_NEWKEYS sent
debug1: expecting SSH2_MSG_NEWKEYS
debug3: receive packet: type 21
debug1: ssh_packet_read_poll2: resetting read seqnr 3
debug1: SSH2_MSG_NEWKEYS received
debug2: ssh_set_newkeys: mode 0
debug1: rekey in after 134217728 blocks
debug3: ssh_get_authentication_socket_path: path '\\\\.\\pipe\\openssh-ssh-agent'
debug3: unable to connect to pipe \\\\.\\pipe\\openssh-ssh-agent, error: 2
debug1: get_agent_identities: ssh_get_authentication_socket: No such file or directory
debug1: Will attempt key: C:\\Users\\LUIS DAS ARTIMANHAS/.ssh/id_rsa RSA SHA256:IPMYkHgJBE+bI5vfo8C6XoulzBfbP2DCuGYfQjlxrPU
debug1: Will attempt key: C:\\Users\\LUIS DAS ARTIMANHAS/.ssh/id_ecdsa 
debug1: Will attempt key: C:\\Users\\LUIS DAS ARTIMANHAS/.ssh/id_ecdsa_sk 
debug1: Will attempt key: C:\\Users\\LUIS DAS ARTIMANHAS/.ssh/id_ed25519 ED25519 SHA256:44eHzhCRVW8vmB+9CZhpQp1OuRKqSwlT4fkHQFHd9Zs
debug1: Will attempt key: C:\\Users\\LUIS DAS ARTIMANHAS/.ssh/id_ed25519_sk 
debug1: Will attempt key: C:\\Users\\LUIS DAS ARTIMANHAS/.ssh/id_xmss 
debug1: Will attempt key: C:\\Users\\LUIS DAS ARTIMANHAS/.ssh/id_dsa 
debug2: pubkey_prepare: done
debug3: send packet: type 5
debug3: receive packet: type 7
debug1: SSH2_MSG_EXT_INFO received
debug1: kex_input_ext_info: server-sig-algs=<ssh-ed25519,sk-ssh-ed25519@openssh.com,ecdsa-sha2-nistp256,ecdsa-sha2-nistp384,ecdsa-sha2-nistp521,sk-ecdsa-sha2-nistp256@openssh.com,webauthn-sk-ecdsa-sha2-nistp256@openssh.com,ssh-dss,ssh-rsa,rsa-sha2-256,rsa-sha2-512>
debug1: kex_ext_info_check_ver: publickey-hostbound@openssh.com=<0>
debug1: kex_ext_info_check_ver: ping@openssh.com=<0>
debug3: receive packet: type 6
debug2: service_accept: ssh-userauth
debug1: SSH2_MSG_SERVICE_ACCEPT received
debug3: send packet: type 50
debug3: receive packet: type 51
debug1: Authentications that can continue: publickey,password,keyboard-interactive
debug3: start over, passed a different list publickey,password,keyboard-interactive
debug3: preferred publickey,keyboard-interactive,password
debug3: authmethod_lookup publickey
debug3: remaining preferred: keyboard-interactive,password
debug3: authmethod_is_enabled publickey
debug1: Next authentication method: publickey
debug1: Offering public key: C:\\Users\\LUIS DAS ARTIMANHAS/.ssh/id_rsa RSA SHA256:IPMYkHgJBE+bI5vfo8C6XoulzBfbP2DCuGYfQjlxrPU
debug3: send packet: type 50
debug2: we sent a publickey packet, wait for reply
debug3: receive packet: type 51
debug1: Authentications that can continue: publickey,password,keyboard-interactive
debug1: Trying private key: C:\\Users\\LUIS DAS ARTIMANHAS/.ssh/id_ecdsa
debug3: no such identity: C:\\Users\\LUIS DAS ARTIMANHAS/.ssh/id_ecdsa: No such file or directory
debug1: Trying private key: C:\\Users\\LUIS DAS ARTIMANHAS/.ssh/id_ecdsa_sk
debug3: no such identity: C:\\Users\\LUIS DAS ARTIMANHAS/.ssh/id_ecdsa_sk: No such file or directory
debug1: Offering public key: C:\\Users\\LUIS DAS ARTIMANHAS/.ssh/id_ed25519 ED25519 SHA256:44eHzhCRVW8vmB+9CZhpQp1OuRKqSwlT4fkHQFHd9Zs
debug3: send packet: type 50
debug2: we sent a publickey packet, wait for reply
debug3: receive packet: type 51
debug1: Authentications that can continue: publickey,password,keyboard-interactive
debug1: Trying private key: C:\\Users\\LUIS DAS ARTIMANHAS/.ssh/id_ed25519_sk
debug3: no such identity: C:\\Users\\LUIS DAS ARTIMANHAS/.ssh/id_ed25519_sk: No such file or directory
debug1: Trying private key: C:\\Users\\LUIS DAS ARTIMANHAS/.ssh/id_xmss
debug3: no such identity: C:\\Users\\LUIS DAS ARTIMANHAS/.ssh/id_xmss: No such file or directory
debug1: Trying private key: C:\\Users\\LUIS DAS ARTIMANHAS/.ssh/id_dsa
debug3: no such identity: C:\\Users\\LUIS DAS ARTIMANHAS/.ssh/id_dsa: No such file or directory
debug2: we did not send a packet, disable method
debug3: authmethod_lookup keyboard-interactive
debug3: remaining preferred: password
debug3: authmethod_is_enabled keyboard-interactive
debug1: Next authentication method: keyboard-interactive
debug2: userauth_kbdint
debug3: send packet: type 50
debug2: we sent a keyboard-interactive packet, wait for reply
debug3: receive packet: type 51
debug1: Authentications that can continue: publickey,password,keyboard-interactive
debug3: userauth_kbdint: disable: no info_req_seen
debug2: we did not send a packet, disable method
debug3: authmethod_lookup password
debug3: remaining preferred: 
debug3: authmethod_is_enabled password
debug1: Next authentication method: password
debug3: send packet: type 50
debug2: we sent a password packet, wait for reply
debug3: receive packet: type 52
Authenticated to 192.168.6.100 ([192.168.6.100]:22) using "password".
debug1: channel 0: new session [client-session] (inactive timeout: 0)
debug3: ssh_session2_open: channel_new: 0
debug2: channel 0: send open
debug3: send packet: type 90
debug1: Requesting no-more-sessions@openssh.com
debug3: send packet: type 80
debug1: Entering interactive session.
debug1: pledge: exec
debug3: client_repledge: enter
debug1: ENABLE_VIRTUAL_TERMINAL_INPUT is supported. Reading the VTSequence from console
debug3: This windows OS supports conpty
debug1: ENABLE_VIRTUAL_TERMINAL_PROCESSING is supported. Console supports the ansi parsing
debug3: Successfully set console output code page from:65001 to 65001
debug3: Successfully set console input code page from:850 to 65001
debug3: receive packet: type 80
debug1: client_input_global_request: rtype hostkeys-00@openssh.com want_reply 0
debug3: client_input_hostkeys: received RSA key SHA256:AWOJi6zrcULl7Wmi9hZPs42Ww28uJ+c1wJFPP5yhkjk
debug3: client_input_hostkeys: received ECDSA key SHA256:pZCxyYwVmdkct4HG6+oHA1JvJ/T0NxQXdHCOlih+Eus
debug3: client_input_hostkeys: received ED25519 key SHA256:x9JvT3ixMniz7cPLyRF8CFAXaJrWaMimh19Ge9bpF0A
debug1: client_input_hostkeys: searching C:\\Users\\LUIS DAS ARTIMANHAS/.ssh/known_hosts for 192.168.6.100 / (none)
debug3: hostkeys_foreach: reading file "C:\\Users\\LUIS DAS ARTIMANHAS/.ssh/known_hosts"
debug3: hostkeys_find: found ssh-ed25519 key at C:\\Users\\LUIS DAS ARTIMANHAS/.ssh/known_hosts:4
debug3: hostkeys_find: found ssh-rsa key at C:\\Users\\LUIS DAS ARTIMANHAS/.ssh/known_hosts:5
debug3: hostkeys_find: found ecdsa-sha2-nistp256 key at C:\\Users\\LUIS DAS ARTIMANHAS/.ssh/known_hosts:6
debug1: client_input_hostkeys: searching C:\\Users\\LUIS DAS ARTIMANHAS/.ssh/known_hosts2 for 192.168.6.100 / (none)
debug3: Failed to open file:C:/Users/LUIS DAS ARTIMANHAS/.ssh/known_hosts2 error:2
debug1: client_input_hostkeys: hostkeys file C:\\Users\\LUIS DAS ARTIMANHAS/.ssh/known_hosts2 does not exist
debug3: client_input_hostkeys: 3 server keys: 0 new, 3 retained, 0 incomplete match. 0 to remove
debug1: client_input_hostkeys: no new or deprecated keys from server
debug3: client_repledge: enter
debug3: receive packet: type 91
debug2: channel_input_open_confirmation: channel 0: callback start
debug1: X11 forwarding requested but DISPLAY not set
debug2: fd 4 setting TCP_NODELAY
debug2: client_session2_setup: id 0
debug2: channel 0: request pty-req confirm 1
debug3: send packet: type 98
debug2: channel 0: request shell confirm 1
debug3: send packet: type 98
debug3: client_repledge: enter
debug2: channel_input_open_confirmation: channel 0: callback done
debug2: channel 0: open confirm rwindow 0 rmax 32768
debug3: receive packet: type 99
debug2: channel_input_status_confirm: type 99 id 0
debug2: PTY allocation request accepted on channel 0
debug2: channel 0: rcvd adjust 2097152
debug3: receive packet: type 99
debug2: channel_input_status_confirm: type 99 id 0
debug2: shell request accepted on channel 0
debug3: obfuscate_keystroke_timing: starting: interval ~20ms
debug3: obfuscate_keystroke_timing: stopping: chaff time expired (103 chaff packets sent)
debug3: obfuscate_keystroke_timing: starting: interval ~20ms
debug3: obfuscate_keystroke_timing: stopping: chaff time expired (99 chaff packets sent)
debug3: obfuscate_keystroke_timing: starting: interval ~20ms
debug3: obfuscate_keystroke_timing: stopping: chaff time expired (168 chaff packets sent)
debug3: obfuscate_keystroke_timing: starting: interval ~20ms
debug3: obfuscate_keystroke_timing: stopping: chaff time expired (199 chaff packets sent)
debug3: obfuscate_keystroke_timing: starting: interval ~20ms
debug3: obfuscate_keystroke_timing: stopping: chaff time expired (103 chaff packets sent)
debug3: obfuscate_keystroke_timing: starting: interval ~20ms
debug3: obfuscate_keystroke_timing: stopping: chaff time expired (74 chaff packets sent)
debug3: obfuscate_keystroke_timing: starting: interval ~20ms
debug3: obfuscate_keystroke_timing: stopping: chaff time expired (172 chaff packets sent)
debug3: obfuscate_keystroke_timing: starting: interval ~20ms
debug3: obfuscate_keystroke_timing: stopping: chaff time expired (138 chaff packets sent)
debug3: obfuscate_keystroke_timing: starting: interval ~20ms
debug3: receive packet: type 96
debug2: channel 0: rcvd eof
debug2: channel 0: output open -> drain
debug2: channel 0: obuf empty
debug2: chan_shutdown_write: channel 0: (i0 o1 sock -1 wfd 6 efd 7 [write])
debug2: channel 0: output drain -> closed
debug3: receive packet: type 98
debug1: client_input_channel_req: channel 0 rtype exit-status reply 0
debug3: receive packet: type 98
debug1: client_input_channel_req: channel 0 rtype eow@openssh.com reply 0
debug2: channel 0: rcvd eow
debug2: chan_shutdown_read: channel 0: (i0 o3 sock -1 wfd 5 efd 7 [write])
debug2: channel 0: input open -> closed
debug3: receive packet: type 97
debug2: channel 0: rcvd close
debug3: channel 0: will not send data after close
debug2: channel 0: almost dead
debug2: channel 0: gc: notify user
debug3: Successfully set console output code page from 65001 to 65001
debug3: Successfully set console input code page from 65001 to 850
debug2: channel 0: gc: user detached
debug2: channel 0: send close
debug3: send packet: type 97
debug2: channel 0: is dead
debug2: channel 0: garbage collecting
debug1: channel 0: free: client-session, nchannels 1
debug3: channel 0: status: The following connections are open:
  #0 client-session (t4 [session] r0 i3/0 o3/0 e[write]/0 fd -1/-1/7 sock -1 cc -1 io 0x00/0x00)

debug3: obfuscate_keystroke_timing: stopping: no active channels (34 chaff packets sent)
debug3: send packet: type 1
Transferred: sent 26348, received 30908 bytes, in 65.7 seconds
Bytes per second: sent 401.3, received 470.8
debug1: Exit status 0
